<?xml version="1.0" encoding="UTF-8"?>
<!-- Generated by org.testng.reporters.JUnitXMLReporter -->
<testsuite hostname="admin" ignored="2" name="Test" tests="1" failures="0" timestamp="2022-11-15T13:04:20 IST" time="0.12" errors="0">
  <testcase name="modifyModule" time="0.013" classname="UnitRegressionTesting.Unit"/>
  <testcase name="createModule" time="0.0" classname="UnitRegressionTesting.Unit">
    <ignored/>
  </testcase> <!-- createModule -->
  <testcase name="deleteModule" time="0.0" classname="UnitRegressionTesting.Unit">
    <ignored/>
  </testcase> <!-- deleteModule -->
</testsuite> <!-- Test -->
