<?xml version="1.0" encoding="UTF-8"?>
<!-- Generated by org.testng.reporters.JUnitXMLReporter -->
<testsuite hostname="admin" ignored="2" name="Test2" tests="4" failures="0" timestamp="2022-11-15T15:12:55 IST" time="0.318" errors="0">
  <testcase name="@BeforeTest openBrowser" time="0.015" classname="com.Compact.generic.BaseClass">
    <failure type="java.lang.NullPointerException">
      <![CDATA[java.lang.NullPointerException
at com.Compact.generic.BaseClass.openBrowser(BaseClass.java:47)
at java.util.concurrent.FutureTask.run(FutureTask.java:266)
at java.util.concurrent.ThreadPoolExecutor.runWorker(ThreadPoolExecutor.java:1149)
at java.util.concurrent.ThreadPoolExecutor$Worker.run(ThreadPoolExecutor.java:624)
at java.lang.Thread.run(Thread.java:748)
... Removed 15 stack frames]]>
    </failure>
  </testcase> <!-- @BeforeTest openBrowser -->
  <testcase name="@BeforeMethod login" time="-1.668505375027E9" classname="com.Compact.generic.BaseClass">
    <skipped/>
  </testcase> <!-- @BeforeMethod login -->
  <testcase name="@AfterMethod logout" time="-1.668505375049E9" classname="com.Compact.generic.BaseClass">
    <skipped/>
  </testcase> <!-- @AfterMethod logout -->
  <testcase name="@BeforeMethod login" time="-1.668505375068E9" classname="com.Compact.generic.BaseClass">
    <skipped/>
  </testcase> <!-- @BeforeMethod login -->
  <testcase name="@AfterMethod logout" time="-1.668505375143E9" classname="com.Compact.generic.BaseClass">
    <skipped/>
  </testcase> <!-- @AfterMethod logout -->
  <testcase name="@BeforeMethod login" time="-1.66850537515E9" classname="com.Compact.generic.BaseClass">
    <skipped/>
  </testcase> <!-- @BeforeMethod login -->
  <testcase name="@AfterMethod logout" time="-1.668505375184E9" classname="com.Compact.generic.BaseClass">
    <skipped/>
  </testcase> <!-- @AfterMethod logout -->
  <testcase name="@BeforeMethod login" time="-1.66850537519E9" classname="com.Compact.generic.BaseClass">
    <skipped/>
  </testcase> <!-- @BeforeMethod login -->
  <testcase name="@AfterMethod logout" time="-1.668505375211E9" classname="com.Compact.generic.BaseClass">
    <skipped/>
  </testcase> <!-- @AfterMethod logout -->
  <testcase name="@AfterTest closeBrowser" time="-1.668505375212E9" classname="com.Compact.generic.BaseClass">
    <skipped/>
  </testcase> <!-- @AfterTest closeBrowser -->
  <testcase name="modifyCustomer" time="0.0" classname="parallelCompact.modify">
    <skipped/>
  </testcase> <!-- modifyCustomer -->
  <testcase name="modifyReception" time="0.0" classname="parallelCompact.modify">
    <skipped/>
  </testcase> <!-- modifyReception -->
  <testcase name="deleteCustomer" time="0.0" classname="parallelCompact.Delete">
    <skipped/>
  </testcase> <!-- deleteCustomer -->
  <testcase name="deleteReception" time="0.0" classname="parallelCompact.Delete">
    <skipped/>
  </testcase> <!-- deleteReception -->
  <testcase name="@AfterTest closeBrowser" time="0.0" classname="com.Compact.generic.BaseClass">
    <ignored/>
  </testcase> <!-- @AfterTest closeBrowser -->
  <testcase name="@BeforeTest openBrowser" time="0.0" classname="com.Compact.generic.BaseClass">
    <ignored/>
  </testcase> <!-- @BeforeTest openBrowser -->
</testsuite> <!-- Test2 -->
